<?xml version="1.0" encoding="UTF-8"?>
<testng-results skipped="1" failed="1" total="4" passed="2">
  <reporter-output>
  </reporter-output>
  <suite name="Salesforec Automation" duration-ms="24450" started-at="2016-04-05T03:50:20Z" finished-at="2016-04-05T03:50:44Z">
    <groups>
    </groups>
    <test name="Test with IE" duration-ms="16609" started-at="2016-04-05T03:50:20Z" finished-at="2016-04-05T03:50:37Z">
      <class name="TestScripts.NewTest">
        <test-method status="PASS" signature="initialise(java.lang.String, org.testng.ITestContext)[pri:0, instance:TestScripts.NewTest@6f7fd0e6]" name="initialise" is-config="true" duration-ms="483" started-at="2016-04-05T03:50:20Z" finished-at="2016-04-05T03:50:21Z">
          <params>
            <param index="0">
              <value>
                <![CDATA[IE]]>
              </value>
            </param>
            <param index="1">
              <value>
                <![CDATA[org.testng.TestRunner@2d774fbf]]>
              </value>
            </param>
          </params>
        </test-method> <!-- initialise -->
        <test-method status="PASS" signature="setUP(java.lang.String)[pri:0, instance:TestScripts.NewTest@6f7fd0e6]" name="setUP" is-config="true" duration-ms="5845" started-at="2016-04-05T03:50:21Z" finished-at="2016-04-05T03:50:26Z">
          <params>
            <param index="0">
              <value>
                <![CDATA[IE]]>
              </value>
            </param>
          </params>
        </test-method> <!-- setUP -->
        <test-method status="PASS" signature="Testing(org.testng.ITestContext)[pri:0, instance:TestScripts.NewTest@6f7fd0e6]" name="Testing" duration-ms="8007" started-at="2016-04-05T03:50:26Z" finished-at="2016-04-05T03:50:34Z">
          <params>
            <param index="0">
              <value>
                <![CDATA[org.testng.TestRunner@2d774fbf]]>
              </value>
            </param>
          </params>
        </test-method> <!-- Testing -->
        <test-method status="PASS" signature="afterMethod()[pri:0, instance:TestScripts.NewTest@6f7fd0e6]" name="afterMethod" is-config="true" duration-ms="1238" started-at="2016-04-05T03:50:34Z" finished-at="2016-04-05T03:50:36Z">
        </test-method> <!-- afterMethod -->
        <test-method status="PASS" signature="cleanUP(org.testng.ITestContext)[pri:0, instance:TestScripts.NewTest@6f7fd0e6]" name="cleanUP" is-config="true" duration-ms="1017" started-at="2016-04-05T03:50:36Z" finished-at="2016-04-05T03:50:37Z">
          <params>
            <param index="0">
              <value>
                <![CDATA[org.testng.TestRunner@2d774fbf]]>
              </value>
            </param>
          </params>
        </test-method> <!-- cleanUP -->
      </class> <!-- TestScripts.NewTest -->
    </test> <!-- Test with IE -->
    <test name="Test with Android" duration-ms="18240" started-at="2016-04-05T03:50:20Z" finished-at="2016-04-05T03:50:38Z">
      <class name="TestScripts.MobileTest">
        <test-method status="PASS" signature="initialise(java.lang.String, org.testng.ITestContext)[pri:0, instance:TestScripts.MobileTest@26653222]" name="initialise" is-config="true" duration-ms="483" started-at="2016-04-05T03:50:20Z" finished-at="2016-04-05T03:50:21Z">
          <params>
            <param index="0">
              <value>
                <![CDATA[Android]]>
              </value>
            </param>
            <param index="1">
              <value>
                <![CDATA[org.testng.TestRunner@6e1567f1]]>
              </value>
            </param>
          </params>
        </test-method> <!-- initialise -->
        <test-method status="FAIL" signature="setUP(java.lang.String)[pri:0, instance:TestScripts.MobileTest@26653222]" name="setUP" is-config="true" duration-ms="0" started-at="2016-04-05T03:50:21Z" finished-at="2016-04-05T03:50:21Z">
          <params>
            <param index="0">
              <value>
                <![CDATA[Android]]>
              </value>
            </param>
          </params>
          <exception class="org.openqa.selenium.WebDriverException">
            <message>
              <![CDATA[The best matching driver provider org.openqa.selenium.edge.EdgeDriver can't create a new driver instance for Capabilities [{platform=WINDOWS}]
Build info: version: '2.48.2', revision: '41bccdd', time: '2015-10-09 19:59:12'
System info: host: 'MLB-CPS-C65', ip: '192.168.56.1', os.name: 'Windows 8.1', os.arch: 'amd64', os.version: '6.3', java.version: '1.8.0_60'
Driver info: driver.version: unknown
Command duration or timeout: 46 milliseconds
Build info: version: '2.49.0', revision: '365eeb44deba2067b1761c8862ef21d55250e063', time: '2016-01-13 11:57:39'
System info: host: 'MLB-CPS-C65', ip: '192.168.56.1', os.name: 'Windows 8.1', os.arch: 'amd64', os.version: '6.3', java.version: '1.8.0_60'
Driver info: org.openqa.selenium.remote.RemoteWebDriver]]>
            </message>
            <full-stacktrace>
              <![CDATA[org.openqa.selenium.WebDriverException: The best matching driver provider org.openqa.selenium.edge.EdgeDriver can't create a new driver instance for Capabilities [{platform=WINDOWS}]
Build info: version: '2.48.2', revision: '41bccdd', time: '2015-10-09 19:59:12'
System info: host: 'MLB-CPS-C65', ip: '192.168.56.1', os.name: 'Windows 8.1', os.arch: 'amd64', os.version: '6.3', java.version: '1.8.0_60'
Driver info: driver.version: unknown
Command duration or timeout: 46 milliseconds
Build info: version: '2.49.0', revision: '365eeb44deba2067b1761c8862ef21d55250e063', time: '2016-01-13 11:57:39'
System info: host: 'MLB-CPS-C65', ip: '192.168.56.1', os.name: 'Windows 8.1', os.arch: 'amd64', os.version: '6.3', java.version: '1.8.0_60'
Driver info: org.openqa.selenium.remote.RemoteWebDriver
	at sun.reflect.NativeConstructorAccessorImpl.newInstance0(Native Method)
	at sun.reflect.NativeConstructorAccessorImpl.newInstance(NativeConstructorAccessorImpl.java:62)
	at sun.reflect.DelegatingConstructorAccessorImpl.newInstance(DelegatingConstructorAccessorImpl.java:45)
	at java.lang.reflect.Constructor.newInstance(Constructor.java:422)
	at org.openqa.selenium.remote.ErrorHandler.createThrowable(ErrorHandler.java:206)
	at org.openqa.selenium.remote.ErrorHandler.throwIfResponseFailed(ErrorHandler.java:158)
	at org.openqa.selenium.remote.RemoteWebDriver.execute(RemoteWebDriver.java:678)
	at org.openqa.selenium.remote.RemoteWebDriver.startSession(RemoteWebDriver.java:249)
	at org.openqa.selenium.remote.RemoteWebDriver.<init>(RemoteWebDriver.java:131)
	at org.openqa.selenium.remote.RemoteWebDriver.<init>(RemoteWebDriver.java:158)
	at Core.util.setUP(util.java:94)
	at sun.reflect.NativeMethodAccessorImpl.invoke0(Native Method)
	at sun.reflect.NativeMethodAccessorImpl.invoke(NativeMethodAccessorImpl.java:62)
	at sun.reflect.DelegatingMethodAccessorImpl.invoke(DelegatingMethodAccessorImpl.java:43)
	at java.lang.reflect.Method.invoke(Method.java:497)
	at org.testng.internal.MethodInvocationHelper.invokeMethod(MethodInvocationHelper.java:80)
	at org.testng.internal.Invoker.invokeConfigurationMethod(Invoker.java:551)
	at org.testng.internal.Invoker.invokeConfigurations(Invoker.java:213)
	at org.testng.internal.Invoker.invokeMethod(Invoker.java:640)
	at org.testng.internal.Invoker.invokeTestMethod(Invoker.java:894)
	at org.testng.internal.Invoker.invokeTestMethods(Invoker.java:1219)
	at org.testng.internal.TestMethodWorker.invokeTestMethods(TestMethodWorker.java:127)
	at org.testng.internal.TestMethodWorker.run(TestMethodWorker.java:111)
	at org.testng.TestRunner.privateRun(TestRunner.java:768)
	at org.testng.TestRunner.run(TestRunner.java:617)
	at org.testng.SuiteRunner.runTest(SuiteRunner.java:334)
	at org.testng.SuiteRunner.access$000(SuiteRunner.java:37)
	at org.testng.SuiteRunner$SuiteWorker.run(SuiteRunner.java:368)
	at org.testng.internal.thread.ThreadUtil$2.call(ThreadUtil.java:64)
	at java.util.concurrent.FutureTask.run(FutureTask.java:266)
	at java.util.concurrent.ThreadPoolExecutor.runWorker(ThreadPoolExecutor.java:1142)
	at java.util.concurrent.ThreadPoolExecutor$Worker.run(ThreadPoolExecutor.java:617)
	at java.lang.Thread.run(Thread.java:745)
Caused by: org.openqa.selenium.WebDriverException: The best matching driver provider org.openqa.selenium.edge.EdgeDriver can't create a new driver instance for Capabilities [{platform=WINDOWS}]
Build info: version: '2.48.2', revision: '41bccdd', time: '2015-10-09 19:59:12'
System info: host: 'MLB-CPS-C65', ip: '192.168.56.1', os.name: 'Windows 8.1', os.arch: 'amd64', os.version: '6.3', java.version: '1.8.0_60'
Driver info: driver.version: unknown
Build info: version: '2.49.0', revision: '365eeb44deba2067b1761c8862ef21d55250e063', time: '2016-01-13 11:57:39'
System info: host: 'MLB-CPS-C65', ip: '192.168.56.1', os.name: 'Windows 8.1', os.arch: 'amd64', os.version: '6.3', java.version: '1.8.0_60'
Driver info: driver.version: unknown
	at org.openqa.selenium.remote.server.DefaultDriverFactory.newInstance(DefaultDriverFactory.java:62)
	at org.openqa.selenium.remote.server.DefaultSession$BrowserCreator.call(DefaultSession.java:222)
	at org.openqa.selenium.remote.server.DefaultSession$BrowserCreator.call(DefaultSession.java:1)
	at java.util.concurrent.FutureTask.run(Unknown Source)
	at org.openqa.selenium.remote.server.DefaultSession$1.run(DefaultSession.java:176)
	at java.util.concurrent.ThreadPoolExecutor.runWorker(Unknown Source)
	at java.util.concurrent.ThreadPoolExecutor$Worker.run(Unknown Source)
	at java.lang.Thread.run(Unknown Source)
]]>
            </full-stacktrace>
          </exception> <!-- org.openqa.selenium.WebDriverException -->
        </test-method> <!-- setUP -->
        <test-method status="SKIP" signature="mob()[pri:0, instance:TestScripts.MobileTest@26653222]" name="mob" duration-ms="0" started-at="2016-04-05T03:50:38Z" finished-at="2016-04-05T03:50:38Z">
        </test-method> <!-- mob -->
        <test-method status="SKIP" signature="afterMethod()[pri:0, instance:TestScripts.MobileTest@26653222]" name="afterMethod" is-config="true" duration-ms="0" started-at="2016-04-05T03:50:38Z" finished-at="2016-04-05T03:50:38Z">
        </test-method> <!-- afterMethod -->
        <test-method status="SKIP" signature="cleanUP(org.testng.ITestContext)[pri:0, instance:TestScripts.MobileTest@26653222]" name="cleanUP" is-config="true" duration-ms="0" started-at="2016-04-05T03:50:38Z" finished-at="2016-04-05T03:50:38Z">
        </test-method> <!-- cleanUP -->
      </class> <!-- TestScripts.MobileTest -->
    </test> <!-- Test with Android -->
    <test name="Test with Chrome" duration-ms="20166" started-at="2016-04-05T03:50:20Z" finished-at="2016-04-05T03:50:40Z">
      <class name="TestScripts.NewTest">
        <test-method status="PASS" signature="initialise(java.lang.String, org.testng.ITestContext)[pri:0, instance:TestScripts.NewTest@4501b7af]" name="initialise" is-config="true" duration-ms="483" started-at="2016-04-05T03:50:20Z" finished-at="2016-04-05T03:50:21Z">
          <params>
            <param index="0">
              <value>
                <![CDATA[Chrome]]>
              </value>
            </param>
            <param index="1">
              <value>
                <![CDATA[org.testng.TestRunner@117862e8]]>
              </value>
            </param>
          </params>
        </test-method> <!-- initialise -->
        <test-method status="PASS" signature="setUP(java.lang.String)[pri:0, instance:TestScripts.NewTest@4501b7af]" name="setUP" is-config="true" duration-ms="3669" started-at="2016-04-05T03:50:21Z" finished-at="2016-04-05T03:50:24Z">
          <params>
            <param index="0">
              <value>
                <![CDATA[Chrome]]>
              </value>
            </param>
          </params>
        </test-method> <!-- setUP -->
        <test-method status="PASS" signature="Testing(org.testng.ITestContext)[pri:0, instance:TestScripts.NewTest@4501b7af]" name="Testing" duration-ms="14256" started-at="2016-04-05T03:50:24Z" finished-at="2016-04-05T03:50:38Z">
          <params>
            <param index="0">
              <value>
                <![CDATA[org.testng.TestRunner@117862e8]]>
              </value>
            </param>
          </params>
        </test-method> <!-- Testing -->
        <test-method status="PASS" signature="afterMethod()[pri:0, instance:TestScripts.NewTest@4501b7af]" name="afterMethod" is-config="true" duration-ms="1632" started-at="2016-04-05T03:50:38Z" finished-at="2016-04-05T03:50:40Z">
        </test-method> <!-- afterMethod -->
        <test-method status="PASS" signature="cleanUP(org.testng.ITestContext)[pri:0, instance:TestScripts.NewTest@4501b7af]" name="cleanUP" is-config="true" duration-ms="110" started-at="2016-04-05T03:50:40Z" finished-at="2016-04-05T03:50:40Z">
          <params>
            <param index="0">
              <value>
                <![CDATA[org.testng.TestRunner@117862e8]]>
              </value>
            </param>
          </params>
        </test-method> <!-- cleanUP -->
      </class> <!-- TestScripts.NewTest -->
    </test> <!-- Test with Chrome -->
    <test name="Test with Firefox" duration-ms="24450" started-at="2016-04-05T03:50:20Z" finished-at="2016-04-05T03:50:44Z">
      <class name="TestScripts.NewTest">
        <test-method status="PASS" signature="initialise(java.lang.String, org.testng.ITestContext)[pri:0, instance:TestScripts.NewTest@457e2f02]" name="initialise" is-config="true" duration-ms="483" started-at="2016-04-05T03:50:20Z" finished-at="2016-04-05T03:50:21Z">
          <params>
            <param index="0">
              <value>
                <![CDATA[Firefox]]>
              </value>
            </param>
            <param index="1">
              <value>
                <![CDATA[org.testng.TestRunner@1eb87def]]>
              </value>
            </param>
          </params>
        </test-method> <!-- initialise -->
        <test-method status="PASS" signature="setUP(java.lang.String)[pri:0, instance:TestScripts.NewTest@457e2f02]" name="setUP" is-config="true" duration-ms="11627" started-at="2016-04-05T03:50:21Z" finished-at="2016-04-05T03:50:32Z">
          <params>
            <param index="0">
              <value>
                <![CDATA[Firefox]]>
              </value>
            </param>
          </params>
        </test-method> <!-- setUP -->
        <test-method status="FAIL" signature="Testing(org.testng.ITestContext)[pri:0, instance:TestScripts.NewTest@457e2f02]" name="Testing" duration-ms="11766" started-at="2016-04-05T03:50:32Z" finished-at="2016-04-05T03:50:44Z">
          <params>
            <param index="0">
              <value>
                <![CDATA[org.testng.TestRunner@1eb87def]]>
              </value>
            </param>
          </params>
          <exception class="junit.framework.ComparisonFailure">
            <message>
              <![CDATA[expected:<[About Google]> but was:<[]>]]>
            </message>
            <full-stacktrace>
              <![CDATA[junit.framework.ComparisonFailure: expected:<[About Google]> but was:<[]>
	at junit.framework.Assert.assertEquals(Assert.java:85)
	at junit.framework.Assert.assertEquals(Assert.java:91)
	at TestScripts.NewTest.Testing(NewTest.java:38)
	at sun.reflect.NativeMethodAccessorImpl.invoke0(Native Method)
	at sun.reflect.NativeMethodAccessorImpl.invoke(NativeMethodAccessorImpl.java:62)
	at sun.reflect.DelegatingMethodAccessorImpl.invoke(DelegatingMethodAccessorImpl.java:43)
	at java.lang.reflect.Method.invoke(Method.java:497)
	at org.testng.internal.MethodInvocationHelper.invokeMethod(MethodInvocationHelper.java:80)
	at org.testng.internal.Invoker.invokeMethod(Invoker.java:702)
	at org.testng.internal.Invoker.invokeTestMethod(Invoker.java:894)
	at org.testng.internal.Invoker.invokeTestMethods(Invoker.java:1219)
	at org.testng.internal.TestMethodWorker.invokeTestMethods(TestMethodWorker.java:127)
	at org.testng.internal.TestMethodWorker.run(TestMethodWorker.java:111)
	at org.testng.TestRunner.privateRun(TestRunner.java:768)
	at org.testng.TestRunner.run(TestRunner.java:617)
	at org.testng.SuiteRunner.runTest(SuiteRunner.java:334)
	at org.testng.SuiteRunner.access$000(SuiteRunner.java:37)
	at org.testng.SuiteRunner$SuiteWorker.run(SuiteRunner.java:368)
	at org.testng.internal.thread.ThreadUtil$2.call(ThreadUtil.java:64)
	at java.util.concurrent.FutureTask.run(FutureTask.java:266)
	at java.util.concurrent.ThreadPoolExecutor.runWorker(ThreadPoolExecutor.java:1142)
	at java.util.concurrent.ThreadPoolExecutor$Worker.run(ThreadPoolExecutor.java:617)
	at java.lang.Thread.run(Thread.java:745)
]]>
            </full-stacktrace>
          </exception> <!-- junit.framework.ComparisonFailure -->
        </test-method> <!-- Testing -->
        <test-method status="PASS" signature="afterMethod()[pri:0, instance:TestScripts.NewTest@457e2f02]" name="afterMethod" is-config="true" duration-ms="450" started-at="2016-04-05T03:50:44Z" finished-at="2016-04-05T03:50:44Z">
        </test-method> <!-- afterMethod -->
        <test-method status="PASS" signature="cleanUP(org.testng.ITestContext)[pri:0, instance:TestScripts.NewTest@457e2f02]" name="cleanUP" is-config="true" duration-ms="101" started-at="2016-04-05T03:50:44Z" finished-at="2016-04-05T03:50:44Z">
          <params>
            <param index="0">
              <value>
                <![CDATA[org.testng.TestRunner@1eb87def]]>
              </value>
            </param>
          </params>
        </test-method> <!-- cleanUP -->
      </class> <!-- TestScripts.NewTest -->
    </test> <!-- Test with Firefox -->
  </suite> <!-- Salesforec Automation -->
</testng-results>
